{"/home/amadyanissa/Documents/phase-3/final/foodService/app.js": {"path":"/home/amadyanissa/Documents/phase-3/final/foodService/app.js","statementMap":{"0":{"start":{"line":1,"column":0},"end":{"line":7,"column":1}},"1":{"start":{"line":6,"column":2},"end":{"line":6,"column":29}},"2":{"start":{"line":9,"column":16},"end":{"line":9,"column":34}},"3":{"start":{"line":10,"column":12},"end":{"line":10,"column":21}},"4":{"start":{"line":11,"column":17},"end":{"line":11,"column":36}},"5":{"start":{"line":12,"column":13},"end":{"line":12,"column":28}},"6":{"start":{"line":13,"column":13},"end":{"line":13,"column":37}},"7":{"start":{"line":14,"column":15},"end":{"line":14,"column":34}},"8":{"start":{"line":15,"column":21},"end":{"line":15,"column":58}},"9":{"start":{"line":16,"column":15},"end":{"line":16,"column":42}},"10":{"start":{"line":18,"column":0},"end":{"line":18,"column":16}},"11":{"start":{"line":19,"column":0},"end":{"line":19,"column":24}},"12":{"start":{"line":20,"column":0},"end":{"line":20,"column":49}},"13":{"start":{"line":22,"column":17},"end":{"line":26,"column":1}},"14":{"start":{"line":28,"column":0},"end":{"line":36,"column":5}},"15":{"start":{"line":35,"column":4},"end":{"line":35,"column":75}},"16":{"start":{"line":37,"column":0},"end":{"line":37,"column":21}},"17":{"start":{"line":38,"column":0},"end":{"line":38,"column":22}},"18":{"start":{"line":40,"column":0},"end":{"line":44,"column":1}},"19":{"start":{"line":41,"column":2},"end":{"line":43,"column":5}},"20":{"start":{"line":42,"column":4},"end":{"line":42,"column":45}},"21":{"start":{"line":46,"column":0},"end":{"line":46,"column":21}}},"fnMap":{"0":{"name":"(anonymous_0)","decl":{"start":{"line":34,"column":8},"end":{"line":34,"column":9}},"loc":{"start":{"line":34,"column":14},"end":{"line":36,"column":3}},"line":34},"1":{"name":"(anonymous_1)","decl":{"start":{"line":41,"column":22},"end":{"line":41,"column":23}},"loc":{"start":{"line":41,"column":28},"end":{"line":43,"column":3}},"line":41}},"branchMap":{"0":{"loc":{"start":{"line":1,"column":0},"end":{"line":7,"column":1}},"type":"if","locations":[{"start":{"line":1,"column":0},"end":{"line":7,"column":1}},{"start":{"line":1,"column":0},"end":{"line":7,"column":1}}],"line":1},"1":{"loc":{"start":{"line":2,"column":2},"end":{"line":4,"column":23}},"type":"binary-expr","locations":[{"start":{"line":2,"column":2},"end":{"line":2,"column":32}},{"start":{"line":3,"column":2},"end":{"line":3,"column":39}},{"start":{"line":4,"column":2},"end":{"line":4,"column":23}}],"line":2},"2":{"loc":{"start":{"line":13,"column":13},"end":{"line":13,"column":37}},"type":"binary-expr","locations":[{"start":{"line":13,"column":13},"end":{"line":13,"column":29}},{"start":{"line":13,"column":33},"end":{"line":13,"column":37}}],"line":13},"3":{"loc":{"start":{"line":40,"column":0},"end":{"line":44,"column":1}},"type":"if","locations":[{"start":{"line":40,"column":0},"end":{"line":44,"column":1}},{"start":{"line":40,"column":0},"end":{"line":44,"column":1}}],"line":40}},"s":{"0":2,"1":2,"2":2,"3":2,"4":2,"5":2,"6":2,"7":2,"8":2,"9":2,"10":2,"11":2,"12":2,"13":2,"14":2,"15":2,"16":2,"17":2,"18":2,"19":0,"20":0,"21":2},"f":{"0":2,"1":0},"b":{"0":[2,0],"1":[2,0,0],"2":[2,0],"3":[0,2]},"_coverageSchema":"1a1c01bbd47fc00a2c39e90264f33305004495a9","hash":"8a1dc9d80fb7e14616577f285525a2c128691cdb"}
,"/home/amadyanissa/Documents/phase-3/final/foodService/controllers/favoriteController.js": {"path":"/home/amadyanissa/Documents/phase-3/final/foodService/controllers/favoriteController.js","statementMap":{"0":{"start":{"line":1,"column":15},"end":{"line":1,"column":42}},"1":{"start":{"line":2,"column":14},"end":{"line":2,"column":30}},"2":{"start":{"line":6,"column":4},"end":{"line":27,"column":9}},"3":{"start":{"line":8,"column":8},"end":{"line":20,"column":9}},"4":{"start":{"line":9,"column":10},"end":{"line":9,"column":75}},"5":{"start":{"line":11,"column":10},"end":{"line":19,"column":13}},"6":{"start":{"line":23,"column":8},"end":{"line":23,"column":41}},"7":{"start":{"line":26,"column":8},"end":{"line":26,"column":18}},"8":{"start":{"line":31,"column":4},"end":{"line":44,"column":9}},"9":{"start":{"line":33,"column":8},"end":{"line":40,"column":9}},"10":{"start":{"line":34,"column":10},"end":{"line":34,"column":38}},"11":{"start":{"line":36,"column":10},"end":{"line":39,"column":12}},"12":{"start":{"line":43,"column":8},"end":{"line":43,"column":18}},"13":{"start":{"line":48,"column":4},"end":{"line":54,"column":9}},"14":{"start":{"line":50,"column":8},"end":{"line":50,"column":43}},"15":{"start":{"line":53,"column":8},"end":{"line":53,"column":18}},"16":{"start":{"line":58,"column":0},"end":{"line":58,"column":36}}},"fnMap":{"0":{"name":"(anonymous_0)","decl":{"start":{"line":5,"column":2},"end":{"line":5,"column":3}},"loc":{"start":{"line":5,"column":34},"end":{"line":28,"column":3}},"line":5},"1":{"name":"(anonymous_1)","decl":{"start":{"line":7,"column":12},"end":{"line":7,"column":13}},"loc":{"start":{"line":7,"column":21},"end":{"line":21,"column":7}},"line":7},"2":{"name":"(anonymous_2)","decl":{"start":{"line":22,"column":12},"end":{"line":22,"column":13}},"loc":{"start":{"line":22,"column":26},"end":{"line":24,"column":7}},"line":22},"3":{"name":"(anonymous_3)","decl":{"start":{"line":25,"column":13},"end":{"line":25,"column":14}},"loc":{"start":{"line":25,"column":20},"end":{"line":27,"column":7}},"line":25},"4":{"name":"(anonymous_4)","decl":{"start":{"line":30,"column":2},"end":{"line":30,"column":3}},"loc":{"start":{"line":30,"column":39},"end":{"line":45,"column":3}},"line":30},"5":{"name":"(anonymous_5)","decl":{"start":{"line":32,"column":12},"end":{"line":32,"column":13}},"loc":{"start":{"line":32,"column":21},"end":{"line":41,"column":7}},"line":32},"6":{"name":"(anonymous_6)","decl":{"start":{"line":42,"column":13},"end":{"line":42,"column":14}},"loc":{"start":{"line":42,"column":20},"end":{"line":44,"column":7}},"line":42},"7":{"name":"(anonymous_7)","decl":{"start":{"line":47,"column":2},"end":{"line":47,"column":3}},"loc":{"start":{"line":47,"column":35},"end":{"line":55,"column":3}},"line":47},"8":{"name":"(anonymous_8)","decl":{"start":{"line":49,"column":12},"end":{"line":49,"column":13}},"loc":{"start":{"line":49,"column":28},"end":{"line":51,"column":7}},"line":49},"9":{"name":"(anonymous_9)","decl":{"start":{"line":52,"column":13},"end":{"line":52,"column":14}},"loc":{"start":{"line":52,"column":20},"end":{"line":54,"column":7}},"line":52}},"branchMap":{"0":{"loc":{"start":{"line":8,"column":8},"end":{"line":20,"column":9}},"type":"if","locations":[{"start":{"line":8,"column":8},"end":{"line":20,"column":9}},{"start":{"line":8,"column":8},"end":{"line":20,"column":9}}],"line":8},"1":{"loc":{"start":{"line":33,"column":8},"end":{"line":40,"column":9}},"type":"if","locations":[{"start":{"line":33,"column":8},"end":{"line":40,"column":9}},{"start":{"line":33,"column":8},"end":{"line":40,"column":9}}],"line":33}},"s":{"0":2,"1":2,"2":3,"3":3,"4":1,"5":2,"6":1,"7":2,"8":2,"9":2,"10":1,"11":1,"12":1,"13":1,"14":1,"15":0,"16":2},"f":{"0":3,"1":3,"2":1,"3":2,"4":2,"5":2,"6":1,"7":1,"8":1,"9":0},"b":{"0":[1,2],"1":[1,1]},"_coverageSchema":"1a1c01bbd47fc00a2c39e90264f33305004495a9","hash":"5bd9c0d09af01ffaa416ea6f1edd39eff95e4565"}
,"/home/amadyanissa/Documents/phase-3/final/foodService/controllers/foodController.js": {"path":"/home/amadyanissa/Documents/phase-3/final/foodService/controllers/foodController.js","statementMap":{"0":{"start":{"line":3,"column":14},"end":{"line":3,"column":30}},"1":{"start":{"line":7,"column":32},"end":{"line":7,"column":34}},"2":{"start":{"line":8,"column":27},"end":{"line":8,"column":29}},"3":{"start":{"line":9,"column":30},"end":{"line":9,"column":32}},"4":{"start":{"line":11,"column":4},"end":{"line":55,"column":9}},"5":{"start":{"line":16,"column":8},"end":{"line":30,"column":9}},"6":{"start":{"line":16,"column":21},"end":{"line":16,"column":22}},"7":{"start":{"line":17,"column":10},"end":{"line":17,"column":49}},"8":{"start":{"line":18,"column":10},"end":{"line":23,"column":12}},"9":{"start":{"line":24,"column":10},"end":{"line":29,"column":12}},"10":{"start":{"line":32,"column":8},"end":{"line":32,"column":43}},"11":{"start":{"line":35,"column":8},"end":{"line":37,"column":9}},"12":{"start":{"line":35,"column":21},"end":{"line":35,"column":22}},"13":{"start":{"line":36,"column":10},"end":{"line":36,"column":76}},"14":{"start":{"line":38,"column":8},"end":{"line":38,"column":46}},"15":{"start":{"line":42,"column":8},"end":{"line":48,"column":9}},"16":{"start":{"line":42,"column":21},"end":{"line":42,"column":22}},"17":{"start":{"line":44,"column":10},"end":{"line":45,"column":55}},"18":{"start":{"line":46,"column":10},"end":{"line":47,"column":50}},"19":{"start":{"line":49,"column":8},"end":{"line":49,"column":41}},"20":{"start":{"line":50,"column":8},"end":{"line":50,"column":63}},"21":{"start":{"line":54,"column":8},"end":{"line":54,"column":20}},"22":{"start":{"line":59,"column":0},"end":{"line":59,"column":32}}},"fnMap":{"0":{"name":"(anonymous_0)","decl":{"start":{"line":6,"column":2},"end":{"line":6,"column":3}},"loc":{"start":{"line":6,"column":36},"end":{"line":56,"column":3}},"line":6},"1":{"name":"(anonymous_1)","decl":{"start":{"line":15,"column":12},"end":{"line":15,"column":13}},"loc":{"start":{"line":15,"column":20},"end":{"line":33,"column":7}},"line":15},"2":{"name":"(anonymous_2)","decl":{"start":{"line":34,"column":12},"end":{"line":34,"column":13}},"loc":{"start":{"line":34,"column":26},"end":{"line":40,"column":7}},"line":34},"3":{"name":"(anonymous_3)","decl":{"start":{"line":41,"column":12},"end":{"line":41,"column":13}},"loc":{"start":{"line":41,"column":30},"end":{"line":51,"column":7}},"line":41},"4":{"name":"(anonymous_4)","decl":{"start":{"line":52,"column":13},"end":{"line":52,"column":14}},"loc":{"start":{"line":52,"column":22},"end":{"line":55,"column":7}},"line":52}},"branchMap":{},"s":{"0":2,"1":0,"2":0,"3":0,"4":0,"5":0,"6":0,"7":0,"8":0,"9":0,"10":0,"11":0,"12":0,"13":0,"14":0,"15":0,"16":0,"17":0,"18":0,"19":0,"20":0,"21":0,"22":2},"f":{"0":0,"1":0,"2":0,"3":0,"4":0},"b":{},"_coverageSchema":"1a1c01bbd47fc00a2c39e90264f33305004495a9","hash":"20b489a6ba2da4e7de75e78fa2f3a6124cec16cd"}
,"/home/amadyanissa/Documents/phase-3/final/foodService/controllers/refrigeratorController.js": {"path":"/home/amadyanissa/Documents/phase-3/final/foodService/controllers/refrigeratorController.js","statementMap":{"0":{"start":{"line":1,"column":13},"end":{"line":1,"column":38}},"1":{"start":{"line":2,"column":17},"end":{"line":2,"column":36}},"2":{"start":{"line":6,"column":4},"end":{"line":30,"column":9}},"3":{"start":{"line":8,"column":8},"end":{"line":10,"column":9}},"4":{"start":{"line":9,"column":10},"end":{"line":9,"column":67}},"5":{"start":{"line":11,"column":25},"end":{"line":11,"column":47}},"6":{"start":{"line":12,"column":8},"end":{"line":16,"column":9}},"7":{"start":{"line":13,"column":10},"end":{"line":13,"column":45}},"8":{"start":{"line":15,"column":10},"end":{"line":15,"column":47}},"9":{"start":{"line":17,"column":8},"end":{"line":23,"column":10}},"10":{"start":{"line":26,"column":8},"end":{"line":26,"column":36}},"11":{"start":{"line":29,"column":8},"end":{"line":29,"column":18}},"12":{"start":{"line":33,"column":4},"end":{"line":50,"column":9}},"13":{"start":{"line":35,"column":21},"end":{"line":35,"column":43}},"14":{"start":{"line":36,"column":25},"end":{"line":38,"column":10}},"15":{"start":{"line":37,"column":10},"end":{"line":37,"column":50}},"16":{"start":{"line":39,"column":8},"end":{"line":43,"column":10}},"17":{"start":{"line":46,"column":8},"end":{"line":46,"column":38}},"18":{"start":{"line":49,"column":8},"end":{"line":49,"column":18}},"19":{"start":{"line":54,"column":0},"end":{"line":54,"column":40}}},"fnMap":{"0":{"name":"(anonymous_0)","decl":{"start":{"line":5,"column":2},"end":{"line":5,"column":3}},"loc":{"start":{"line":5,"column":43},"end":{"line":31,"column":3}},"line":5},"1":{"name":"(anonymous_1)","decl":{"start":{"line":7,"column":12},"end":{"line":7,"column":13}},"loc":{"start":{"line":7,"column":25},"end":{"line":24,"column":7}},"line":7},"2":{"name":"(anonymous_2)","decl":{"start":{"line":25,"column":12},"end":{"line":25,"column":13}},"loc":{"start":{"line":25,"column":21},"end":{"line":27,"column":7}},"line":25},"3":{"name":"(anonymous_3)","decl":{"start":{"line":28,"column":13},"end":{"line":28,"column":14}},"loc":{"start":{"line":28,"column":20},"end":{"line":30,"column":7}},"line":28},"4":{"name":"(anonymous_4)","decl":{"start":{"line":32,"column":2},"end":{"line":32,"column":3}},"loc":{"start":{"line":32,"column":48},"end":{"line":51,"column":3}},"line":32},"5":{"name":"(anonymous_5)","decl":{"start":{"line":34,"column":12},"end":{"line":34,"column":13}},"loc":{"start":{"line":34,"column":25},"end":{"line":44,"column":7}},"line":34},"6":{"name":"(anonymous_6)","decl":{"start":{"line":36,"column":39},"end":{"line":36,"column":40}},"loc":{"start":{"line":36,"column":45},"end":{"line":38,"column":9}},"line":36},"7":{"name":"(anonymous_7)","decl":{"start":{"line":45,"column":12},"end":{"line":45,"column":13}},"loc":{"start":{"line":45,"column":23},"end":{"line":47,"column":7}},"line":45},"8":{"name":"(anonymous_8)","decl":{"start":{"line":48,"column":13},"end":{"line":48,"column":14}},"loc":{"start":{"line":48,"column":20},"end":{"line":50,"column":7}},"line":48}},"branchMap":{"0":{"loc":{"start":{"line":8,"column":8},"end":{"line":10,"column":9}},"type":"if","locations":[{"start":{"line":8,"column":8},"end":{"line":10,"column":9}},{"start":{"line":8,"column":8},"end":{"line":10,"column":9}}],"line":8},"1":{"loc":{"start":{"line":12,"column":8},"end":{"line":16,"column":9}},"type":"if","locations":[{"start":{"line":12,"column":8},"end":{"line":16,"column":9}},{"start":{"line":12,"column":8},"end":{"line":16,"column":9}}],"line":12}},"s":{"0":2,"1":2,"2":1,"3":1,"4":1,"5":1,"6":1,"7":1,"8":0,"9":1,"10":1,"11":0,"12":1,"13":1,"14":1,"15":1,"16":1,"17":1,"18":0,"19":2},"f":{"0":1,"1":1,"2":1,"3":0,"4":1,"5":1,"6":1,"7":1,"8":0},"b":{"0":[1,0],"1":[1,0]},"_coverageSchema":"1a1c01bbd47fc00a2c39e90264f33305004495a9","hash":"272b60d0a3d43adc0354397f764ea0fbcbe910e3"}
,"/home/amadyanissa/Documents/phase-3/final/foodService/controllers/userController.js": {"path":"/home/amadyanissa/Documents/phase-3/final/foodService/controllers/userController.js","statementMap":{"0":{"start":{"line":1,"column":13},"end":{"line":1,"column":38}},"1":{"start":{"line":2,"column":25},"end":{"line":2,"column":55}},"2":{"start":{"line":6,"column":4},"end":{"line":6,"column":25}},"3":{"start":{"line":7,"column":19},"end":{"line":7,"column":58}},"4":{"start":{"line":8,"column":4},"end":{"line":8,"column":31}},"5":{"start":{"line":12,"column":21},"end":{"line":15,"column":8}},"6":{"start":{"line":16,"column":22},"end":{"line":16,"column":41}},"7":{"start":{"line":17,"column":6},"end":{"line":17,"column":21}},"8":{"start":{"line":19,"column":4},"end":{"line":51,"column":9}},"9":{"start":{"line":21,"column":8},"end":{"line":21,"column":26}},"10":{"start":{"line":22,"column":8},"end":{"line":22,"column":29}},"11":{"start":{"line":23,"column":8},"end":{"line":23,"column":27}},"12":{"start":{"line":24,"column":8},"end":{"line":26,"column":11}},"13":{"start":{"line":29,"column":8},"end":{"line":46,"column":9}},"14":{"start":{"line":30,"column":10},"end":{"line":34,"column":13}},"15":{"start":{"line":36,"column":10},"end":{"line":36,"column":29}},"16":{"start":{"line":37,"column":20},"end":{"line":42,"column":11}},"17":{"start":{"line":43,"column":22},"end":{"line":43,"column":64}},"18":{"start":{"line":44,"column":10},"end":{"line":44,"column":35}},"19":{"start":{"line":45,"column":10},"end":{"line":45,"column":55}},"20":{"start":{"line":49,"column":8},"end":{"line":49,"column":22}},"21":{"start":{"line":50,"column":8},"end":{"line":50,"column":20}},"22":{"start":{"line":55,"column":0},"end":{"line":55,"column":32}}},"fnMap":{"0":{"name":"(anonymous_0)","decl":{"start":{"line":5,"column":2},"end":{"line":5,"column":3}},"loc":{"start":{"line":5,"column":37},"end":{"line":52,"column":3}},"line":5},"1":{"name":"verify","decl":{"start":{"line":11,"column":19},"end":{"line":11,"column":25}},"loc":{"start":{"line":11,"column":28},"end":{"line":18,"column":5}},"line":11},"2":{"name":"(anonymous_2)","decl":{"start":{"line":20,"column":12},"end":{"line":20,"column":13}},"loc":{"start":{"line":20,"column":20},"end":{"line":27,"column":7}},"line":20},"3":{"name":"(anonymous_3)","decl":{"start":{"line":28,"column":12},"end":{"line":28,"column":13}},"loc":{"start":{"line":28,"column":22},"end":{"line":47,"column":7}},"line":28},"4":{"name":"(anonymous_4)","decl":{"start":{"line":48,"column":13},"end":{"line":48,"column":14}},"loc":{"start":{"line":48,"column":22},"end":{"line":51,"column":7}},"line":48}},"branchMap":{"0":{"loc":{"start":{"line":29,"column":8},"end":{"line":46,"column":9}},"type":"if","locations":[{"start":{"line":29,"column":8},"end":{"line":46,"column":9}},{"start":{"line":29,"column":8},"end":{"line":46,"column":9}}],"line":29}},"s":{"0":2,"1":2,"2":0,"3":0,"4":0,"5":0,"6":0,"7":0,"8":0,"9":0,"10":0,"11":0,"12":0,"13":0,"14":0,"15":0,"16":0,"17":0,"18":0,"19":0,"20":0,"21":0,"22":2},"f":{"0":0,"1":0,"2":0,"3":0,"4":0},"b":{"0":[0,0]},"_coverageSchema":"1a1c01bbd47fc00a2c39e90264f33305004495a9","hash":"390ea67fd224d90748d5951de72dee6c13218137"}
,"/home/amadyanissa/Documents/phase-3/final/foodService/middlewares/authentication.js": {"path":"/home/amadyanissa/Documents/phase-3/final/foodService/middlewares/authentication.js","statementMap":{"0":{"start":{"line":1,"column":12},"end":{"line":1,"column":35}},"1":{"start":{"line":4,"column":2},"end":{"line":17,"column":3}},"2":{"start":{"line":5,"column":18},"end":{"line":5,"column":35}},"3":{"start":{"line":6,"column":4},"end":{"line":13,"column":5}},"4":{"start":{"line":7,"column":22},"end":{"line":7,"column":63}},"5":{"start":{"line":8,"column":6},"end":{"line":8,"column":28}},"6":{"start":{"line":9,"column":6},"end":{"line":9,"column":13}},"7":{"start":{"line":12,"column":6},"end":{"line":12,"column":70}},"8":{"start":{"line":16,"column":4},"end":{"line":16,"column":57}},"9":{"start":{"line":20,"column":0},"end":{"line":20,"column":32}}},"fnMap":{"0":{"name":"authentication","decl":{"start":{"line":3,"column":9},"end":{"line":3,"column":23}},"loc":{"start":{"line":3,"column":40},"end":{"line":18,"column":1}},"line":3}},"branchMap":{"0":{"loc":{"start":{"line":4,"column":2},"end":{"line":17,"column":3}},"type":"if","locations":[{"start":{"line":4,"column":2},"end":{"line":17,"column":3}},{"start":{"line":4,"column":2},"end":{"line":17,"column":3}}],"line":4}},"s":{"0":2,"1":13,"2":9,"3":9,"4":9,"5":8,"6":8,"7":1,"8":4,"9":2},"f":{"0":13},"b":{"0":[9,4]},"_coverageSchema":"1a1c01bbd47fc00a2c39e90264f33305004495a9","hash":"196f091d53ae8945fadfb4e1711d30dc2dbf27f7"}
,"/home/amadyanissa/Documents/phase-3/final/foodService/middlewares/errorHandler.js": {"path":"/home/amadyanissa/Documents/phase-3/final/foodService/middlewares/errorHandler.js","statementMap":{"0":{"start":{"line":1,"column":0},"end":{"line":3,"column":2}},"1":{"start":{"line":2,"column":2},"end":{"line":2,"column":80}}},"fnMap":{"0":{"name":"(anonymous_0)","decl":{"start":{"line":1,"column":17},"end":{"line":1,"column":18}},"loc":{"start":{"line":1,"column":42},"end":{"line":3,"column":1}},"line":1}},"branchMap":{"0":{"loc":{"start":{"line":2,"column":13},"end":{"line":2,"column":30}},"type":"binary-expr","locations":[{"start":{"line":2,"column":13},"end":{"line":2,"column":23}},{"start":{"line":2,"column":27},"end":{"line":2,"column":30}}],"line":2},"1":{"loc":{"start":{"line":2,"column":44},"end":{"line":2,"column":76}},"type":"binary-expr","locations":[{"start":{"line":2,"column":44},"end":{"line":2,"column":55}},{"start":{"line":2,"column":59},"end":{"line":2,"column":76}}],"line":2}},"s":{"0":2,"1":8},"f":{"0":8},"b":{"0":[8,1],"1":[8,0]},"_coverageSchema":"1a1c01bbd47fc00a2c39e90264f33305004495a9","hash":"b53dab47cb35c55f4f2b59822529993eb655da1e"}
,"/home/amadyanissa/Documents/phase-3/final/foodService/models/Recipe.js": {"path":"/home/amadyanissa/Documents/phase-3/final/foodService/models/Recipe.js","statementMap":{"0":{"start":{"line":1,"column":17},"end":{"line":1,"column":36}},"1":{"start":{"line":2,"column":15},"end":{"line":2,"column":30}},"2":{"start":{"line":4,"column":21},"end":{"line":49,"column":2}},"3":{"start":{"line":51,"column":15},"end":{"line":51,"column":53}},"4":{"start":{"line":52,"column":0},"end":{"line":52,"column":24}}},"fnMap":{},"branchMap":{},"s":{"0":2,"1":2,"2":2,"3":2,"4":2},"f":{},"b":{},"_coverageSchema":"1a1c01bbd47fc00a2c39e90264f33305004495a9","hash":"de6ef911ed5289994b9a4e4f210b5dcfe897d494"}
,"/home/amadyanissa/Documents/phase-3/final/foodService/models/User.js": {"path":"/home/amadyanissa/Documents/phase-3/final/foodService/models/User.js","statementMap":{"0":{"start":{"line":1,"column":17},"end":{"line":1,"column":36}},"1":{"start":{"line":2,"column":15},"end":{"line":2,"column":30}},"2":{"start":{"line":4,"column":19},"end":{"line":25,"column":2}},"3":{"start":{"line":27,"column":13},"end":{"line":27,"column":47}},"4":{"start":{"line":29,"column":0},"end":{"line":29,"column":22}}},"fnMap":{},"branchMap":{},"s":{"0":2,"1":2,"2":2,"3":2,"4":2},"f":{},"b":{},"_coverageSchema":"1a1c01bbd47fc00a2c39e90264f33305004495a9","hash":"aed593aaf863ab35f2dc93db8e518c6ab848549d"}
,"/home/amadyanissa/Documents/phase-3/final/foodService/routes/favorite.js": {"path":"/home/amadyanissa/Documents/phase-3/final/foodService/routes/favorite.js","statementMap":{"0":{"start":{"line":1,"column":15},"end":{"line":1,"column":42}},"1":{"start":{"line":2,"column":27},"end":{"line":2,"column":71}},"2":{"start":{"line":3,"column":23},"end":{"line":3,"column":63}},"3":{"start":{"line":5,"column":0},"end":{"line":5,"column":62}},"4":{"start":{"line":6,"column":0},"end":{"line":6,"column":68}},"5":{"start":{"line":7,"column":0},"end":{"line":7,"column":75}},"6":{"start":{"line":9,"column":0},"end":{"line":9,"column":24}}},"fnMap":{},"branchMap":{},"s":{"0":2,"1":2,"2":2,"3":2,"4":2,"5":2,"6":2},"f":{},"b":{},"_coverageSchema":"1a1c01bbd47fc00a2c39e90264f33305004495a9","hash":"3986fb5d4909ad43319475f43f2f3bd984387a6e"}
,"/home/amadyanissa/Documents/phase-3/final/foodService/routes/foodRoute.js": {"path":"/home/amadyanissa/Documents/phase-3/final/foodService/routes/foodRoute.js","statementMap":{"0":{"start":{"line":1,"column":18},"end":{"line":1,"column":45}},"1":{"start":{"line":2,"column":23},"end":{"line":2,"column":63}},"2":{"start":{"line":4,"column":0},"end":{"line":4,"column":51}},"3":{"start":{"line":7,"column":0},"end":{"line":7,"column":27}}},"fnMap":{},"branchMap":{},"s":{"0":2,"1":2,"2":2,"3":2},"f":{},"b":{},"_coverageSchema":"1a1c01bbd47fc00a2c39e90264f33305004495a9","hash":"7945ae80d488dd360e41127579f300c6525d84fe"}
,"/home/amadyanissa/Documents/phase-3/final/foodService/routes/index.js": {"path":"/home/amadyanissa/Documents/phase-3/final/foodService/routes/index.js","statementMap":{"0":{"start":{"line":1,"column":15},"end":{"line":1,"column":42}},"1":{"start":{"line":2,"column":18},"end":{"line":2,"column":40}},"2":{"start":{"line":3,"column":18},"end":{"line":3,"column":40}},"3":{"start":{"line":4,"column":22},"end":{"line":4,"column":43}},"4":{"start":{"line":5,"column":26},"end":{"line":5,"column":51}},"5":{"start":{"line":7,"column":0},"end":{"line":7,"column":31}},"6":{"start":{"line":8,"column":0},"end":{"line":8,"column":31}},"7":{"start":{"line":9,"column":0},"end":{"line":9,"column":40}},"8":{"start":{"line":10,"column":0},"end":{"line":10,"column":47}},"9":{"start":{"line":12,"column":0},"end":{"line":12,"column":24}}},"fnMap":{},"branchMap":{},"s":{"0":2,"1":2,"2":2,"3":2,"4":2,"5":2,"6":2,"7":2,"8":2,"9":2},"f":{},"b":{},"_coverageSchema":"1a1c01bbd47fc00a2c39e90264f33305004495a9","hash":"3b4e33779faac561d5c13137606a15157e45f6f9"}
,"/home/amadyanissa/Documents/phase-3/final/foodService/routes/refrigerator.js": {"path":"/home/amadyanissa/Documents/phase-3/final/foodService/routes/refrigerator.js","statementMap":{"0":{"start":{"line":1,"column":15},"end":{"line":1,"column":42}},"1":{"start":{"line":2,"column":23},"end":{"line":2,"column":63}},"2":{"start":{"line":3,"column":31},"end":{"line":3,"column":79}},"3":{"start":{"line":5,"column":0},"end":{"line":5,"column":75}},"4":{"start":{"line":6,"column":0},"end":{"line":10,"column":2}},"5":{"start":{"line":12,"column":0},"end":{"line":12,"column":24}}},"fnMap":{},"branchMap":{},"s":{"0":2,"1":2,"2":2,"3":2,"4":2,"5":2},"f":{},"b":{},"_coverageSchema":"1a1c01bbd47fc00a2c39e90264f33305004495a9","hash":"ba4afd87a736607843872fd38f20e1544a95d7bb"}
,"/home/amadyanissa/Documents/phase-3/final/foodService/routes/userRoute.js": {"path":"/home/amadyanissa/Documents/phase-3/final/foodService/routes/userRoute.js","statementMap":{"0":{"start":{"line":1,"column":18},"end":{"line":1,"column":45}},"1":{"start":{"line":2,"column":23},"end":{"line":2,"column":63}},"2":{"start":{"line":4,"column":0},"end":{"line":4,"column":50}},"3":{"start":{"line":6,"column":0},"end":{"line":6,"column":27}}},"fnMap":{},"branchMap":{},"s":{"0":2,"1":2,"2":2,"3":2},"f":{},"b":{},"_coverageSchema":"1a1c01bbd47fc00a2c39e90264f33305004495a9","hash":"05850546577dc82524820f5042989d31fb21cf75"}
}
